C:\USERS\QQQ\DOCUMENTS\VISUAL STUDIO 2010\PROJECTS\3D_SCANER\3D_SCANER\DEBUG\3D_SCANER.EXE.EMBED.MANIFEST
C:\USERS\QQQ\DOCUMENTS\VISUAL STUDIO 2010\PROJECTS\3D_SCANER\3D_SCANER\DEBUG\3D_SCANER.EXE.EMBED.MANIFEST.RES
C:\USERS\QQQ\DOCUMENTS\VISUAL STUDIO 2010\PROJECTS\3D_SCANER\3D_SCANER\DEBUG\3D_SCANER.EXE.INTERMEDIATE.MANIFEST
C:\Users\QQQ\documents\visual studio 2010\Projects\3D_scaner\3D_scaner\Debug\3D_scaner_manifest.rc
C:\Users\QQQ\documents\visual studio 2010\Projects\3D_scaner\3D_scaner\Debug\cl.command.1.tlog
C:\Users\QQQ\documents\visual studio 2010\Projects\3D_scaner\3D_scaner\Debug\CL.read.1.tlog
C:\Users\QQQ\documents\visual studio 2010\Projects\3D_scaner\3D_scaner\Debug\CL.write.1.tlog
C:\Users\QQQ\documents\visual studio 2010\Projects\3D_scaner\3D_scaner\Debug\link.10108.read.1.tlog
C:\Users\QQQ\documents\visual studio 2010\Projects\3D_scaner\3D_scaner\Debug\link.10108.write.1.tlog
C:\Users\QQQ\documents\visual studio 2010\Projects\3D_scaner\3D_scaner\Debug\link.10108-cvtres.read.1.tlog
C:\Users\QQQ\documents\visual studio 2010\Projects\3D_scaner\3D_scaner\Debug\link.10108-cvtres.write.1.tlog
C:\Users\QQQ\documents\visual studio 2010\Projects\3D_scaner\3D_scaner\Debug\link.3124.read.1.tlog
C:\Users\QQQ\documents\visual studio 2010\Projects\3D_scaner\3D_scaner\Debug\link.3124.write.1.tlog
C:\Users\QQQ\documents\visual studio 2010\Projects\3D_scaner\3D_scaner\Debug\link.3124-cvtres.read.1.tlog
C:\Users\QQQ\documents\visual studio 2010\Projects\3D_scaner\3D_scaner\Debug\link.3124-cvtres.write.1.tlog
C:\Users\QQQ\documents\visual studio 2010\Projects\3D_scaner\3D_scaner\Debug\link.344.read.1.tlog
C:\Users\QQQ\documents\visual studio 2010\Projects\3D_scaner\3D_scaner\Debug\link.344.write.1.tlog
C:\Users\QQQ\documents\visual studio 2010\Projects\3D_scaner\3D_scaner\Debug\link.344-cvtres.read.1.tlog
C:\Users\QQQ\documents\visual studio 2010\Projects\3D_scaner\3D_scaner\Debug\link.344-cvtres.write.1.tlog
C:\Users\QQQ\documents\visual studio 2010\Projects\3D_scaner\3D_scaner\Debug\link.3868.read.1.tlog
C:\Users\QQQ\documents\visual studio 2010\Projects\3D_scaner\3D_scaner\Debug\link.3868.write.1.tlog
C:\Users\QQQ\documents\visual studio 2010\Projects\3D_scaner\3D_scaner\Debug\link.3868-cvtres.read.1.tlog
C:\Users\QQQ\documents\visual studio 2010\Projects\3D_scaner\3D_scaner\Debug\link.3868-cvtres.write.1.tlog
C:\Users\QQQ\documents\visual studio 2010\Projects\3D_scaner\3D_scaner\Debug\link.4060.read.1.tlog
C:\Users\QQQ\documents\visual studio 2010\Projects\3D_scaner\3D_scaner\Debug\link.4060.write.1.tlog
C:\Users\QQQ\documents\visual studio 2010\Projects\3D_scaner\3D_scaner\Debug\link.4060-cvtres.read.1.tlog
C:\Users\QQQ\documents\visual studio 2010\Projects\3D_scaner\3D_scaner\Debug\link.4060-cvtres.write.1.tlog
C:\Users\QQQ\documents\visual studio 2010\Projects\3D_scaner\3D_scaner\Debug\link.5152.read.1.tlog
C:\Users\QQQ\documents\visual studio 2010\Projects\3D_scaner\3D_scaner\Debug\link.5152.write.1.tlog
C:\Users\QQQ\documents\visual studio 2010\Projects\3D_scaner\3D_scaner\Debug\link.5152-cvtres.read.1.tlog
C:\Users\QQQ\documents\visual studio 2010\Projects\3D_scaner\3D_scaner\Debug\link.5152-cvtres.write.1.tlog
C:\Users\QQQ\documents\visual studio 2010\Projects\3D_scaner\3D_scaner\Debug\link.5996.read.1.tlog
C:\Users\QQQ\documents\visual studio 2010\Projects\3D_scaner\3D_scaner\Debug\link.5996.write.1.tlog
C:\Users\QQQ\documents\visual studio 2010\Projects\3D_scaner\3D_scaner\Debug\link.5996-cvtres.read.1.tlog
C:\Users\QQQ\documents\visual studio 2010\Projects\3D_scaner\3D_scaner\Debug\link.5996-cvtres.write.1.tlog
C:\Users\QQQ\documents\visual studio 2010\Projects\3D_scaner\3D_scaner\Debug\link.6568.read.1.tlog
C:\Users\QQQ\documents\visual studio 2010\Projects\3D_scaner\3D_scaner\Debug\link.6568.write.1.tlog
C:\Users\QQQ\documents\visual studio 2010\Projects\3D_scaner\3D_scaner\Debug\link.6568-cvtres.read.1.tlog
C:\Users\QQQ\documents\visual studio 2010\Projects\3D_scaner\3D_scaner\Debug\link.6568-cvtres.write.1.tlog
C:\Users\QQQ\documents\visual studio 2010\Projects\3D_scaner\3D_scaner\Debug\link.6812.read.1.tlog
C:\Users\QQQ\documents\visual studio 2010\Projects\3D_scaner\3D_scaner\Debug\link.6812.write.1.tlog
C:\Users\QQQ\documents\visual studio 2010\Projects\3D_scaner\3D_scaner\Debug\link.6812-cvtres.read.1.tlog
C:\Users\QQQ\documents\visual studio 2010\Projects\3D_scaner\3D_scaner\Debug\link.6812-cvtres.write.1.tlog
C:\Users\QQQ\documents\visual studio 2010\Projects\3D_scaner\3D_scaner\Debug\link.7200.read.1.tlog
C:\Users\QQQ\documents\visual studio 2010\Projects\3D_scaner\3D_scaner\Debug\link.7200.write.1.tlog
C:\Users\QQQ\documents\visual studio 2010\Projects\3D_scaner\3D_scaner\Debug\link.7200-cvtres.read.1.tlog
C:\Users\QQQ\documents\visual studio 2010\Projects\3D_scaner\3D_scaner\Debug\link.7200-cvtres.write.1.tlog
C:\Users\QQQ\documents\visual studio 2010\Projects\3D_scaner\3D_scaner\Debug\link.7412.read.1.tlog
C:\Users\QQQ\documents\visual studio 2010\Projects\3D_scaner\3D_scaner\Debug\link.7412.write.1.tlog
C:\Users\QQQ\documents\visual studio 2010\Projects\3D_scaner\3D_scaner\Debug\link.7412-cvtres.read.1.tlog
C:\Users\QQQ\documents\visual studio 2010\Projects\3D_scaner\3D_scaner\Debug\link.7412-cvtres.write.1.tlog
C:\Users\QQQ\documents\visual studio 2010\Projects\3D_scaner\3D_scaner\Debug\link.7540.read.1.tlog
C:\Users\QQQ\documents\visual studio 2010\Projects\3D_scaner\3D_scaner\Debug\link.7540.write.1.tlog
C:\Users\QQQ\documents\visual studio 2010\Projects\3D_scaner\3D_scaner\Debug\link.7540-cvtres.read.1.tlog
C:\Users\QQQ\documents\visual studio 2010\Projects\3D_scaner\3D_scaner\Debug\link.7540-cvtres.write.1.tlog
C:\Users\QQQ\documents\visual studio 2010\Projects\3D_scaner\3D_scaner\Debug\link.8176.read.1.tlog
C:\Users\QQQ\documents\visual studio 2010\Projects\3D_scaner\3D_scaner\Debug\link.8176.write.1.tlog
C:\Users\QQQ\documents\visual studio 2010\Projects\3D_scaner\3D_scaner\Debug\link.8176-cvtres.read.1.tlog
C:\Users\QQQ\documents\visual studio 2010\Projects\3D_scaner\3D_scaner\Debug\link.8176-cvtres.write.1.tlog
C:\Users\QQQ\documents\visual studio 2010\Projects\3D_scaner\3D_scaner\Debug\link.8380.read.1.tlog
C:\Users\QQQ\documents\visual studio 2010\Projects\3D_scaner\3D_scaner\Debug\link.8380.write.1.tlog
C:\Users\QQQ\documents\visual studio 2010\Projects\3D_scaner\3D_scaner\Debug\link.8380-cvtres.read.1.tlog
C:\Users\QQQ\documents\visual studio 2010\Projects\3D_scaner\3D_scaner\Debug\link.8380-cvtres.write.1.tlog
C:\Users\QQQ\documents\visual studio 2010\Projects\3D_scaner\3D_scaner\Debug\link.8392.read.1.tlog
C:\Users\QQQ\documents\visual studio 2010\Projects\3D_scaner\3D_scaner\Debug\link.8392.write.1.tlog
C:\Users\QQQ\documents\visual studio 2010\Projects\3D_scaner\3D_scaner\Debug\link.8392-cvtres.read.1.tlog
C:\Users\QQQ\documents\visual studio 2010\Projects\3D_scaner\3D_scaner\Debug\link.8392-cvtres.write.1.tlog
C:\Users\QQQ\documents\visual studio 2010\Projects\3D_scaner\3D_scaner\Debug\link.8820.read.1.tlog
C:\Users\QQQ\documents\visual studio 2010\Projects\3D_scaner\3D_scaner\Debug\link.8820.write.1.tlog
C:\Users\QQQ\documents\visual studio 2010\Projects\3D_scaner\3D_scaner\Debug\link.8820-cvtres.read.1.tlog
C:\Users\QQQ\documents\visual studio 2010\Projects\3D_scaner\3D_scaner\Debug\link.8820-cvtres.write.1.tlog
C:\Users\QQQ\documents\visual studio 2010\Projects\3D_scaner\3D_scaner\Debug\link.9472.read.1.tlog
C:\Users\QQQ\documents\visual studio 2010\Projects\3D_scaner\3D_scaner\Debug\link.9472.write.1.tlog
C:\Users\QQQ\documents\visual studio 2010\Projects\3D_scaner\3D_scaner\Debug\link.9472-cvtres.read.1.tlog
C:\Users\QQQ\documents\visual studio 2010\Projects\3D_scaner\3D_scaner\Debug\link.9472-cvtres.write.1.tlog
C:\Users\QQQ\documents\visual studio 2010\Projects\3D_scaner\3D_scaner\Debug\link.9768.read.1.tlog
C:\Users\QQQ\documents\visual studio 2010\Projects\3D_scaner\3D_scaner\Debug\link.9768.write.1.tlog
C:\Users\QQQ\documents\visual studio 2010\Projects\3D_scaner\3D_scaner\Debug\link.9768-cvtres.read.1.tlog
C:\Users\QQQ\documents\visual studio 2010\Projects\3D_scaner\3D_scaner\Debug\link.9768-cvtres.write.1.tlog
C:\Users\QQQ\documents\visual studio 2010\Projects\3D_scaner\3D_scaner\Debug\link.9988.read.1.tlog
C:\Users\QQQ\documents\visual studio 2010\Projects\3D_scaner\3D_scaner\Debug\link.9988.write.1.tlog
C:\Users\QQQ\documents\visual studio 2010\Projects\3D_scaner\3D_scaner\Debug\link.9988-cvtres.read.1.tlog
C:\Users\QQQ\documents\visual studio 2010\Projects\3D_scaner\3D_scaner\Debug\link.9988-cvtres.write.1.tlog
C:\Users\QQQ\documents\visual studio 2010\Projects\3D_scaner\3D_scaner\Debug\link.command.1.tlog
C:\Users\QQQ\documents\visual studio 2010\Projects\3D_scaner\3D_scaner\Debug\link.read.1.tlog
C:\Users\QQQ\documents\visual studio 2010\Projects\3D_scaner\3D_scaner\Debug\link.write.1.tlog
C:\Users\QQQ\documents\visual studio 2010\Projects\3D_scaner\3D_scaner\Debug\link-cvtres.read.1.tlog
C:\Users\QQQ\documents\visual studio 2010\Projects\3D_scaner\3D_scaner\Debug\link-cvtres.write.1.tlog
C:\USERS\QQQ\DOCUMENTS\VISUAL STUDIO 2010\PROJECTS\3D_SCANER\3D_SCANER\DEBUG\MAIN.OBJ
C:\Users\QQQ\documents\visual studio 2010\Projects\3D_scaner\3D_scaner\Debug\mt.command.1.tlog
C:\Users\QQQ\documents\visual studio 2010\Projects\3D_scaner\3D_scaner\Debug\mt.read.1.tlog
C:\Users\QQQ\documents\visual studio 2010\Projects\3D_scaner\3D_scaner\Debug\mt.write.1.tlog
C:\Users\QQQ\documents\visual studio 2010\Projects\3D_scaner\3D_scaner\Debug\rc.command.1.tlog
C:\Users\QQQ\documents\visual studio 2010\Projects\3D_scaner\3D_scaner\Debug\rc.read.1.tlog
C:\Users\QQQ\documents\visual studio 2010\Projects\3D_scaner\3D_scaner\Debug\rc.write.1.tlog
C:\Users\QQQ\documents\visual studio 2010\Projects\3D_scaner\3D_scaner\Debug\vc100.idb
C:\USERS\QQQ\DOCUMENTS\VISUAL STUDIO 2010\PROJECTS\3D_SCANER\3D_SCANER\DEBUG\VC100.PDB
C:\USERS\QQQ\DOCUMENTS\VISUAL STUDIO 2010\PROJECTS\3D_SCANER\DEBUG\3D_SCANER.EXE
C:\USERS\QQQ\DOCUMENTS\VISUAL STUDIO 2010\PROJECTS\3D_SCANER\DEBUG\3D_SCANER.ILK
C:\USERS\QQQ\DOCUMENTS\VISUAL STUDIO 2010\PROJECTS\3D_SCANER\DEBUG\3D_SCANER.PDB
